2024-10-09 10:25:42,015 [INFO] Activator:176 - 


2024-10-09 10:25:42,031 [INFO] Activator:177 - !SESSION log4j initialized
2024-10-09 10:25:48,304 [INFO] LogOutputStream:77 - [STDOUT_REDIRECT] 
2024-10-09 10:26:21,872 [INFO] ApplicationProperties:184 - Using Application install path: C:\ST\STM32CubeIDE_1.16.1\STM32CubeIDE\plugins\com.st.stm32cube.common.mx_6.12.1.202409122256
2024-10-09 10:26:21,893 [INFO] DbMcusXml:78 - Set database path to: C:\ST\STM32CubeIDE_1.16.1\STM32CubeIDE\plugins\com.st.stm32cube.common.mx_6.12.1.202409122256\\db\/mcu/
2024-10-09 10:26:21,894 [INFO] ApiDb:274 - Set plugin database path to: C:\ST\STM32CubeIDE_1.16.1\STM32CubeIDE\plugins\com.st.stm32cube.common.mx_6.12.1.202409122256\\db\/plugins/boardmanager/
2024-10-09 10:26:21,894 [WARN] ApiDb:259 - Overriding images path with different value:  => C:\ST\STM32CubeIDE_1.16.1\STM32CubeIDE\plugins\com.st.stm32cube.common.mx_6.12.1.202409122256\\db\/plugins/mcufinder/images/
2024-10-09 10:26:21,914 [INFO] ApiDb:250 - Set database path to: C:\Users\yehan\.stmcufinder\plugins\mcufinder//mcu/
2024-10-09 10:26:21,917 [INFO] DbMcusAds:125 - Set database path to: C:\Users\yehan\.stmcufinder\plugins\mcufinder//mcu/
2024-10-09 10:26:21,939 [INFO] CrossReferenceDbSqlite:203 - Set database path to: C:\Users\yehan\.stmcufinder\plugins\mcufinder//mcu/cs/
2024-10-09 10:26:22,085 [INFO] RulesReader:64 - Compatibility file has been processed (297 Rules)
2024-10-09 10:26:22,173 [INFO] DbMcusXml:78 - Set database path to: C:\ST\STM32CubeIDE_1.16.1\STM32CubeIDE\plugins\com.st.stm32cube.common.mx_6.12.1.202409122256\\db\/mcu/
2024-10-09 10:26:22,173 [INFO] ApiDb:274 - Set plugin database path to: C:\ST\STM32CubeIDE_1.16.1\STM32CubeIDE\plugins\com.st.stm32cube.common.mx_6.12.1.202409122256\\db\/plugins/boardmanager/
2024-10-09 10:26:22,173 [INFO] ApiDb:261 - Set plugin images path to: C:\ST\STM32CubeIDE_1.16.1\STM32CubeIDE\plugins\com.st.stm32cube.common.mx_6.12.1.202409122256\\db\/plugins/mcufinder/images/
2024-10-09 10:26:22,174 [WARN] DbFile:41 - Overriding database path with different value: C:\Users\yehan\.stmcufinder\plugins\mcufinder/ => C:\Users\yehan\.stmcufinder\plugins\mcufinder
2024-10-09 10:26:22,174 [INFO] ApiDb:250 - Set database path to: C:\Users\yehan\.stmcufinder\plugins\mcufinder//mcu/
2024-10-09 10:26:22,174 [WARN] DbFile:41 - Overriding database path with different value: C:\Users\yehan\.stmcufinder\plugins\mcufinder/ => C:\Users\yehan\.stmcufinder\plugins\mcufinder
2024-10-09 10:26:22,174 [INFO] DbMcusAds:125 - Set database path to: C:\Users\yehan\.stmcufinder\plugins\mcufinder//mcu/
2024-10-09 10:26:22,174 [WARN] DbFile:41 - Overriding database path with different value: C:\Users\yehan\.stmcufinder\plugins\mcufinder/ => C:\Users\yehan\.stmcufinder\plugins\mcufinder
2024-10-09 10:26:22,174 [WARN] DbFile:41 - Overriding database path with different value: C:\Users\yehan\.stmcufinder\plugins\mcufinder/ => C:\Users\yehan\.stmcufinder\plugins\mcufinder
2024-10-09 10:26:22,174 [INFO] CrossReferenceDbSqlite:203 - Set database path to: C:\Users\yehan\.stmcufinder\plugins\mcufinder//mcu/cs/
2024-10-09 10:26:22,252 [INFO] MainPanel:268 - HeapMemory: 488636416
2024-10-09 10:26:22,331 [INFO] DbMcusXml:78 - Set database path to: C:\ST\STM32CubeIDE_1.16.1\STM32CubeIDE\plugins\com.st.stm32cube.common.mx_6.12.1.202409122256\\db\/mcu/
2024-10-09 10:26:22,332 [INFO] ApiDb:274 - Set plugin database path to: C:\ST\STM32CubeIDE_1.16.1\STM32CubeIDE\plugins\com.st.stm32cube.common.mx_6.12.1.202409122256\\db\/plugins/boardmanager/
2024-10-09 10:26:22,332 [INFO] ApiDb:261 - Set plugin images path to: C:\ST\STM32CubeIDE_1.16.1\STM32CubeIDE\plugins\com.st.stm32cube.common.mx_6.12.1.202409122256\\db\/plugins/mcufinder/images/
2024-10-09 10:26:22,332 [WARN] DbFile:41 - Overriding database path with different value: C:\Users\yehan\.stmcufinder\plugins\mcufinder/ => C:\Users\yehan\.stmcufinder\plugins\mcufinder
2024-10-09 10:26:22,332 [INFO] ApiDb:250 - Set database path to: C:\Users\yehan\.stmcufinder\plugins\mcufinder//mcu/
2024-10-09 10:26:22,332 [WARN] DbFile:41 - Overriding database path with different value: C:\Users\yehan\.stmcufinder\plugins\mcufinder/ => C:\Users\yehan\.stmcufinder\plugins\mcufinder
2024-10-09 10:26:22,332 [INFO] DbMcusAds:125 - Set database path to: C:\Users\yehan\.stmcufinder\plugins\mcufinder//mcu/
2024-10-09 10:26:22,332 [WARN] DbFile:41 - Overriding database path with different value: C:\Users\yehan\.stmcufinder\plugins\mcufinder/ => C:\Users\yehan\.stmcufinder\plugins\mcufinder
2024-10-09 10:26:22,332 [WARN] DbFile:41 - Overriding database path with different value: C:\Users\yehan\.stmcufinder\plugins\mcufinder/ => C:\Users\yehan\.stmcufinder\plugins\mcufinder
2024-10-09 10:26:22,332 [INFO] CrossReferenceDbSqlite:203 - Set database path to: C:\Users\yehan\.stmcufinder\plugins\mcufinder//mcu/cs/
2024-10-09 10:26:22,349 [INFO] ApplicationProperties:184 - Using Application install path: C:\ST\STM32CubeIDE_1.16.1\STM32CubeIDE\plugins\com.st.stm32cube.common.mx_6.12.1.202409122256
2024-10-09 10:26:22,350 [INFO] PluginManage:196 - Search for loadable plugins [exclusion list=, ]
2024-10-09 10:26:22,351 [INFO] PluginManage:310 - Check plugin analytics
2024-10-09 10:26:22,969 [INFO] AnalyticsPlugin:253 - Accepted Software Licenses: STM32CubeMX.6.12.1
2024-10-09 10:26:22,969 [INFO] AnalyticsPlugin:255 - Accepted CMSIS Pack Licenses: 
2024-10-09 10:26:22,969 [INFO] AnalyticsPlugin:257 - Accepted Firmware Licenses: FW.H7.1.11.0
2024-10-09 10:26:22,970 [INFO] PluginManage:359 - Loaded plugin analytics (category:tool,tabindex:-1)
2024-10-09 10:26:22,971 [INFO] PluginManage:310 - Check plugin cadmodel
2024-10-09 10:26:22,985 [INFO] CADModel:105 - Init CAD model plugin
2024-10-09 10:26:22,985 [INFO] PluginManage:359 - Loaded plugin cadmodel (category:power,tabindex:5)
2024-10-09 10:26:22,985 [INFO] PluginManage:310 - Check plugin clock
2024-10-09 10:26:23,004 [INFO] PluginManage:359 - Loaded plugin clock (category:base,tabindex:2)
2024-10-09 10:26:23,004 [INFO] PluginManage:310 - Check plugin ddr
2024-10-09 10:26:23,006 [INFO] PluginManage:359 - Loaded plugin ddr (category:tool,tabindex:6)
2024-10-09 10:26:23,007 [INFO] PluginManage:310 - Check plugin filemanager
2024-10-09 10:26:23,155 [INFO] PluginManage:359 - Loaded plugin filemanager (category:base,tabindex:10)
2024-10-09 10:26:23,155 [INFO] PluginManage:310 - Check plugin ipmanager
2024-10-09 10:26:23,163 [INFO] PluginManage:359 - Loaded plugin ipmanager (category:base,tabindex:5)
2024-10-09 10:26:23,164 [INFO] PluginManage:310 - Check plugin lpbam
2024-10-09 10:26:23,180 [INFO] PluginManage:359 - Loaded plugin lpbam (category:base,tabindex:0)
2024-10-09 10:26:23,180 [INFO] PluginManage:310 - Check plugin memorymap
2024-10-09 10:26:23,203 [INFO] PluginManage:359 - Loaded plugin memorymap (category:base,tabindex:4)
2024-10-09 10:26:23,204 [INFO] PluginManage:310 - Check plugin pinoutandconfiguration
2024-10-09 10:26:23,218 [INFO] PluginManage:359 - Loaded plugin pinoutandconfiguration (category:base,tabindex:1)
2024-10-09 10:26:23,218 [INFO] PluginManage:310 - Check plugin pinoutconfig
2024-10-09 10:26:23,359 [WARN] SupportedApi:132 - Cannot load RTOS API schema: s4s-elt-must-match.1: The content of 'definitions' must match (annotation?, (simpleType | complexType)?, (unique | key | keyref)*)). A problem was found starting at: attribute.
2024-10-09 10:26:23,546 [INFO] PluginManage:359 - Loaded plugin pinoutconfig (category:base,tabindex:0)
2024-10-09 10:26:23,547 [INFO] PluginManage:310 - Check plugin power
2024-10-09 10:26:23,568 [INFO] PluginManage:359 - Loaded plugin power (category:power,tabindex:4)
2024-10-09 10:26:23,568 [INFO] PluginManage:310 - Check plugin projectmanager
2024-10-09 10:26:23,587 [INFO] PluginManage:359 - Loaded plugin projectmanager (category:projectmanager,tabindex:4)
2024-10-09 10:26:23,587 [INFO] PluginManage:310 - Check plugin rif
2024-10-09 10:26:23,612 [INFO] PluginManage:359 - Loaded plugin rif (category:base,tabindex:3)
2024-10-09 10:26:23,612 [INFO] PluginManage:310 - Check plugin thirdparty
2024-10-09 10:26:23,871 [WARN] IntegrityCheckThread:84 - waiting for thirdparty lock release [integrity check]
2024-10-09 10:26:23,872 [INFO] IntegrityCheckThread:86 - entering critical section [integrity check]
2024-10-09 10:26:23,872 [INFO] ThirdPartyUpdaterWithRetryManager:70 - Updater plugin not ready yet. [1/15]
2024-10-09 10:26:23,872 [INFO] PluginManage:359 - Loaded plugin thirdparty (category:base,tabindex:-1)
2024-10-09 10:26:23,872 [INFO] PluginManage:310 - Check plugin tools
2024-10-09 10:26:23,904 [INFO] PluginManage:359 - Loaded plugin tools (category:base,tabindex:7)
2024-10-09 10:26:23,904 [INFO] PluginManage:310 - Check plugin tutovideos
2024-10-09 10:26:24,151 [INFO] PluginManage:359 - Loaded plugin tutovideos (category:base,tabindex:-1)
2024-10-09 10:26:24,151 [INFO] PluginManage:310 - Check plugin updater
2024-10-09 10:26:24,173 [INFO] PluginManage:359 - Loaded plugin updater (category:base,tabindex:12)
2024-10-09 10:26:24,173 [INFO] PluginManage:310 - Check plugin userauth
2024-10-09 10:26:24,182 [INFO] UserAuth:113 - Init User Auth plugin
2024-10-09 10:26:24,182 [INFO] PluginManage:359 - Loaded plugin userauth (category:base,tabindex:14)
2024-10-09 10:26:24,183 [INFO] PluginManage:283 - PluginManage : Loaded plugins [18]
2024-10-09 10:26:24,370 [INFO] PinOutPanel:1561 - setPackage(No Configuration,No Configuration)
2024-10-09 10:26:24,433 [INFO] CADModel:165 - CPN selected for project level
2024-10-09 10:26:24,433 [INFO] CADModel:114 - Register for checkConnection events
2024-10-09 10:26:24,454 [INFO] IPUIPlugin:80 - create IPUIPlugin
2024-10-09 10:26:24,454 [INFO] PluginManager:220 - loadIPPluginJar : add adc
2024-10-09 10:26:24,484 [INFO] IPUIPlugin:80 - create IPUIPlugin
2024-10-09 10:26:24,484 [INFO] PluginManager:220 - loadIPPluginJar : add aes
2024-10-09 10:26:24,513 [INFO] IPUIPlugin:80 - create IPUIPlugin
2024-10-09 10:26:24,513 [INFO] PluginManager:220 - loadIPPluginJar : add can
2024-10-09 10:26:24,533 [INFO] IPUIPlugin:80 - create IPUIPlugin
2024-10-09 10:26:24,533 [INFO] PluginManager:220 - loadIPPluginJar : add comp
2024-10-09 10:26:24,557 [INFO] IPUIPlugin:80 - create IPUIPlugin
2024-10-09 10:26:24,557 [INFO] PluginManager:220 - loadIPPluginJar : add cryp
2024-10-09 10:26:24,568 [INFO] IPUIPlugin:80 - create IPUIPlugin
2024-10-09 10:26:24,568 [INFO] PluginManager:220 - loadIPPluginJar : add ddr_ctrl_phy
2024-10-09 10:26:24,592 [INFO] IPUIPlugin:80 - create IPUIPlugin
2024-10-09 10:26:24,592 [INFO] PluginManager:220 - loadIPPluginJar : add dfsdm
2024-10-09 10:26:24,605 [INFO] IPUIPlugin:80 - create IPUIPlugin
2024-10-09 10:26:24,605 [INFO] PluginManager:220 - loadIPPluginJar : add dma
2024-10-09 10:26:24,638 [INFO] IPUIPlugin:80 - create IPUIPlugin
2024-10-09 10:26:24,638 [INFO] PluginManager:220 - loadIPPluginJar : add dma3
2024-10-09 10:26:24,673 [INFO] IPUIPlugin:80 - create IPUIPlugin
2024-10-09 10:26:24,673 [INFO] PluginManager:220 - loadIPPluginJar : add extmemmanager
2024-10-09 10:26:24,690 [INFO] IPUIPlugin:80 - create IPUIPlugin
2024-10-09 10:26:24,690 [INFO] PluginManager:220 - loadIPPluginJar : add fatfs
2024-10-09 10:26:24,724 [INFO] IPUIPlugin:80 - create IPUIPlugin
2024-10-09 10:26:24,724 [INFO] PluginManager:220 - loadIPPluginJar : add fmc
2024-10-09 10:26:24,736 [INFO] IPUIPlugin:80 - create IPUIPlugin
2024-10-09 10:26:24,736 [INFO] PluginManager:220 - loadIPPluginJar : add freertos
2024-10-09 10:26:24,752 [INFO] IPUIPlugin:80 - create IPUIPlugin
2024-10-09 10:26:24,752 [INFO] PluginManager:220 - loadIPPluginJar : add genericplugin
2024-10-09 10:26:24,816 [INFO] IPUIPlugin:80 - create IPUIPlugin
2024-10-09 10:26:24,817 [INFO] PluginManager:220 - loadIPPluginJar : add gfxmmu
2024-10-09 10:26:24,936 [INFO] IPUIPlugin:80 - create IPUIPlugin
2024-10-09 10:26:24,937 [INFO] PluginManager:220 - loadIPPluginJar : add gic
2024-10-09 10:26:24,967 [INFO] IPUIPlugin:80 - create IPUIPlugin
2024-10-09 10:26:24,967 [INFO] PluginManager:220 - loadIPPluginJar : add gpio
2024-10-09 10:26:25,032 [INFO] IPUIPlugin:80 - create IPUIPlugin
2024-10-09 10:26:25,033 [INFO] PluginManager:220 - loadIPPluginJar : add gtzc
2024-10-09 10:26:25,057 [INFO] IPUIPlugin:80 - create IPUIPlugin
2024-10-09 10:26:25,057 [INFO] PluginManager:220 - loadIPPluginJar : add hash
2024-10-09 10:26:25,100 [INFO] IPUIPlugin:80 - create IPUIPlugin
2024-10-09 10:26:25,100 [INFO] PluginManager:220 - loadIPPluginJar : add i2c
2024-10-09 10:26:25,129 [INFO] IPUIPlugin:80 - create IPUIPlugin
2024-10-09 10:26:25,130 [INFO] PluginManager:220 - loadIPPluginJar : add i2s
2024-10-09 10:26:25,167 [INFO] IPUIPlugin:80 - create IPUIPlugin
2024-10-09 10:26:25,167 [INFO] PluginManager:220 - loadIPPluginJar : add i3c
2024-10-09 10:26:25,250 [INFO] IPUIPlugin:80 - create IPUIPlugin
2024-10-09 10:26:25,251 [INFO] PluginManager:220 - loadIPPluginJar : add ipddr
2024-10-09 10:26:25,329 [INFO] IPUIPlugin:80 - create IPUIPlugin
2024-10-09 10:26:25,329 [INFO] PluginManager:220 - loadIPPluginJar : add linkedlist
2024-10-09 10:26:25,378 [INFO] IPUIPlugin:80 - create IPUIPlugin
2024-10-09 10:26:25,379 [INFO] PluginManager:220 - loadIPPluginJar : add lorawan
2024-10-09 10:26:25,421 [INFO] IPUIPlugin:80 - create IPUIPlugin
2024-10-09 10:26:25,422 [INFO] PluginManager:220 - loadIPPluginJar : add ltdc
2024-10-09 10:26:25,443 [INFO] IPUIPlugin:80 - create IPUIPlugin
2024-10-09 10:26:25,443 [INFO] PluginManager:220 - loadIPPluginJar : add mdma
2024-10-09 10:26:25,456 [INFO] IPUIPlugin:80 - create IPUIPlugin
2024-10-09 10:26:25,456 [INFO] PluginManager:220 - loadIPPluginJar : add nvic
2024-10-09 10:26:25,491 [INFO] IPUIPlugin:80 - create IPUIPlugin
2024-10-09 10:26:25,491 [INFO] PluginManager:220 - loadIPPluginJar : add opamp
2024-10-09 10:26:25,546 [INFO] IPUIPlugin:80 - create IPUIPlugin
2024-10-09 10:26:25,546 [INFO] PluginManager:220 - loadIPPluginJar : add openamp
2024-10-09 10:26:25,598 [INFO] IPUIPlugin:80 - create IPUIPlugin
2024-10-09 10:26:25,598 [INFO] PluginManager:220 - loadIPPluginJar : add pdm2pcm
2024-10-09 10:26:25,625 [INFO] IPUIPlugin:80 - create IPUIPlugin
2024-10-09 10:26:25,648 [INFO] PluginManager:220 - loadIPPluginJar : add plateformsettings
2024-10-09 10:26:25,701 [INFO] IPUIPlugin:80 - create IPUIPlugin
2024-10-09 10:26:25,701 [INFO] PluginManager:220 - loadIPPluginJar : add quadspi
2024-10-09 10:26:25,741 [INFO] IPUIPlugin:80 - create IPUIPlugin
2024-10-09 10:26:25,744 [INFO] PluginManager:220 - loadIPPluginJar : add radio
2024-10-09 10:26:25,773 [INFO] IPUIPlugin:80 - create IPUIPlugin
2024-10-09 10:26:25,774 [INFO] PluginManager:220 - loadIPPluginJar : add resmgrutility
2024-10-09 10:26:25,866 [INFO] IPUIPlugin:80 - create IPUIPlugin
2024-10-09 10:26:25,866 [INFO] PluginManager:220 - loadIPPluginJar : add sai
2024-10-09 10:26:25,989 [INFO] IPUIPlugin:80 - create IPUIPlugin
2024-10-09 10:26:25,990 [INFO] PluginManager:220 - loadIPPluginJar : add spi
2024-10-09 10:26:26,145 [INFO] IPUIPlugin:80 - create IPUIPlugin
2024-10-09 10:26:26,145 [INFO] PluginManager:220 - loadIPPluginJar : add stm32_wpan
2024-10-09 10:26:26,196 [INFO] IPUIPlugin:80 - create IPUIPlugin
2024-10-09 10:26:26,196 [INFO] PluginManager:220 - loadIPPluginJar : add tim
2024-10-09 10:26:26,335 [INFO] IPUIPlugin:80 - create IPUIPlugin
2024-10-09 10:26:26,336 [INFO] PluginManager:220 - loadIPPluginJar : add touchsensing
2024-10-09 10:26:26,382 [INFO] IPUIPlugin:80 - create IPUIPlugin
2024-10-09 10:26:26,384 [INFO] PluginManager:220 - loadIPPluginJar : add tracer_emb
2024-10-09 10:26:26,434 [INFO] IPUIPlugin:80 - create IPUIPlugin
2024-10-09 10:26:26,436 [INFO] PluginManager:220 - loadIPPluginJar : add ts
2024-10-09 10:26:26,484 [INFO] IPUIPlugin:80 - create IPUIPlugin
2024-10-09 10:26:26,484 [INFO] PluginManager:220 - loadIPPluginJar : add tsc
2024-10-09 10:26:26,528 [INFO] IPUIPlugin:80 - create IPUIPlugin
2024-10-09 10:26:26,529 [INFO] PluginManager:220 - loadIPPluginJar : add ucpd
