2024-10-04 16:42:09,216 [INFO] Activator:176 - 


2024-10-04 16:42:09,221 [INFO] Activator:177 - !SESSION log4j initialized
2024-10-04 16:42:12,109 [INFO] LogOutputStream:77 - [STDOUT_REDIRECT] 
2024-10-04 16:42:20,105 [INFO] ApplicationProperties:184 - Using Application install path: C:\ST\STM32CubeIDE_1.16.1\STM32CubeIDE\plugins\com.st.stm32cube.common.mx_6.12.1.202409122256
2024-10-04 16:42:20,336 [INFO] DbMcusXml:78 - Set database path to: C:\ST\STM32CubeIDE_1.16.1\STM32CubeIDE\plugins\com.st.stm32cube.common.mx_6.12.1.202409122256\\db\/mcu/
2024-10-04 16:42:20,339 [INFO] ApiDb:274 - Set plugin database path to: C:\ST\STM32CubeIDE_1.16.1\STM32CubeIDE\plugins\com.st.stm32cube.common.mx_6.12.1.202409122256\\db\/plugins/boardmanager/
2024-10-04 16:42:20,340 [WARN] ApiDb:259 - Overriding images path with different value:  => C:\ST\STM32CubeIDE_1.16.1\STM32CubeIDE\plugins\com.st.stm32cube.common.mx_6.12.1.202409122256\\db\/plugins/mcufinder/images/
2024-10-04 16:42:20,390 [INFO] ApiDb:250 - Set database path to: C:\Users\yehan\.stmcufinder\plugins\mcufinder//mcu/
2024-10-04 16:42:20,399 [INFO] DbMcusAds:125 - Set database path to: C:\Users\yehan\.stmcufinder\plugins\mcufinder//mcu/
2024-10-04 16:42:20,428 [INFO] CrossReferenceDbSqlite:203 - Set database path to: C:\Users\yehan\.stmcufinder\plugins\mcufinder//mcu/cs/
2024-10-04 16:42:21,368 [INFO] RulesReader:64 - Compatibility file has been processed (297 Rules)
2024-10-04 16:42:21,694 [INFO] DbMcusXml:78 - Set database path to: C:\ST\STM32CubeIDE_1.16.1\STM32CubeIDE\plugins\com.st.stm32cube.common.mx_6.12.1.202409122256\\db\/mcu/
2024-10-04 16:42:21,695 [INFO] ApiDb:274 - Set plugin database path to: C:\ST\STM32CubeIDE_1.16.1\STM32CubeIDE\plugins\com.st.stm32cube.common.mx_6.12.1.202409122256\\db\/plugins/boardmanager/
2024-10-04 16:42:21,695 [INFO] ApiDb:261 - Set plugin images path to: C:\ST\STM32CubeIDE_1.16.1\STM32CubeIDE\plugins\com.st.stm32cube.common.mx_6.12.1.202409122256\\db\/plugins/mcufinder/images/
2024-10-04 16:42:21,696 [WARN] DbFile:41 - Overriding database path with different value: C:\Users\yehan\.stmcufinder\plugins\mcufinder/ => C:\Users\yehan\.stmcufinder\plugins\mcufinder
2024-10-04 16:42:21,696 [INFO] ApiDb:250 - Set database path to: C:\Users\yehan\.stmcufinder\plugins\mcufinder//mcu/
2024-10-04 16:42:21,696 [WARN] DbFile:41 - Overriding database path with different value: C:\Users\yehan\.stmcufinder\plugins\mcufinder/ => C:\Users\yehan\.stmcufinder\plugins\mcufinder
2024-10-04 16:42:21,696 [INFO] DbMcusAds:125 - Set database path to: C:\Users\yehan\.stmcufinder\plugins\mcufinder//mcu/
2024-10-04 16:42:21,696 [WARN] DbFile:41 - Overriding database path with different value: C:\Users\yehan\.stmcufinder\plugins\mcufinder/ => C:\Users\yehan\.stmcufinder\plugins\mcufinder
2024-10-04 16:42:21,696 [WARN] DbFile:41 - Overriding database path with different value: C:\Users\yehan\.stmcufinder\plugins\mcufinder/ => C:\Users\yehan\.stmcufinder\plugins\mcufinder
2024-10-04 16:42:21,696 [INFO] CrossReferenceDbSqlite:203 - Set database path to: C:\Users\yehan\.stmcufinder\plugins\mcufinder//mcu/cs/
2024-10-04 16:42:21,980 [INFO] MainPanel:268 - HeapMemory: 300941312
2024-10-04 16:42:22,324 [INFO] DbMcusXml:78 - Set database path to: C:\ST\STM32CubeIDE_1.16.1\STM32CubeIDE\plugins\com.st.stm32cube.common.mx_6.12.1.202409122256\\db\/mcu/
2024-10-04 16:42:22,325 [INFO] ApiDb:274 - Set plugin database path to: C:\ST\STM32CubeIDE_1.16.1\STM32CubeIDE\plugins\com.st.stm32cube.common.mx_6.12.1.202409122256\\db\/plugins/boardmanager/
2024-10-04 16:42:22,325 [INFO] ApiDb:261 - Set plugin images path to: C:\ST\STM32CubeIDE_1.16.1\STM32CubeIDE\plugins\com.st.stm32cube.common.mx_6.12.1.202409122256\\db\/plugins/mcufinder/images/
2024-10-04 16:42:22,326 [WARN] DbFile:41 - Overriding database path with different value: C:\Users\yehan\.stmcufinder\plugins\mcufinder/ => C:\Users\yehan\.stmcufinder\plugins\mcufinder
2024-10-04 16:42:22,326 [INFO] ApiDb:250 - Set database path to: C:\Users\yehan\.stmcufinder\plugins\mcufinder//mcu/
2024-10-04 16:42:22,326 [WARN] DbFile:41 - Overriding database path with different value: C:\Users\yehan\.stmcufinder\plugins\mcufinder/ => C:\Users\yehan\.stmcufinder\plugins\mcufinder
2024-10-04 16:42:22,326 [INFO] DbMcusAds:125 - Set database path to: C:\Users\yehan\.stmcufinder\plugins\mcufinder//mcu/
2024-10-04 16:42:22,327 [WARN] DbFile:41 - Overriding database path with different value: C:\Users\yehan\.stmcufinder\plugins\mcufinder/ => C:\Users\yehan\.stmcufinder\plugins\mcufinder
2024-10-04 16:42:22,327 [WARN] DbFile:41 - Overriding database path with different value: C:\Users\yehan\.stmcufinder\plugins\mcufinder/ => C:\Users\yehan\.stmcufinder\plugins\mcufinder
2024-10-04 16:42:22,327 [INFO] CrossReferenceDbSqlite:203 - Set database path to: C:\Users\yehan\.stmcufinder\plugins\mcufinder//mcu/cs/
2024-10-04 16:42:22,373 [INFO] ApplicationProperties:184 - Using Application install path: C:\ST\STM32CubeIDE_1.16.1\STM32CubeIDE\plugins\com.st.stm32cube.common.mx_6.12.1.202409122256
2024-10-04 16:42:22,376 [INFO] PluginManage:196 - Search for loadable plugins [exclusion list=, ]
2024-10-04 16:42:22,380 [INFO] PluginManage:310 - Check plugin analytics
2024-10-04 16:42:23,336 [INFO] AnalyticsPlugin:253 - Accepted Software Licenses: STM32CubeMX.6.12.1
2024-10-04 16:42:23,337 [INFO] AnalyticsPlugin:255 - Accepted CMSIS Pack Licenses: 
2024-10-04 16:42:23,337 [INFO] AnalyticsPlugin:257 - Accepted Firmware Licenses: FW.H7.1.11.0
2024-10-04 16:42:23,343 [INFO] PluginManage:359 - Loaded plugin analytics (category:tool,tabindex:-1)
2024-10-04 16:42:23,343 [INFO] PluginManage:310 - Check plugin cadmodel
2024-10-04 16:42:23,351 [INFO] CADModel:105 - Init CAD model plugin
2024-10-04 16:42:23,352 [INFO] PluginManage:359 - Loaded plugin cadmodel (category:power,tabindex:5)
2024-10-04 16:42:23,353 [INFO] PluginManage:310 - Check plugin clock
2024-10-04 16:42:23,380 [INFO] PluginManage:359 - Loaded plugin clock (category:base,tabindex:2)
2024-10-04 16:42:23,381 [INFO] PluginManage:310 - Check plugin ddr
2024-10-04 16:42:23,384 [INFO] PluginManage:359 - Loaded plugin ddr (category:tool,tabindex:6)
2024-10-04 16:42:23,385 [INFO] PluginManage:310 - Check plugin filemanager
2024-10-04 16:42:23,757 [INFO] PluginManage:359 - Loaded plugin filemanager (category:base,tabindex:10)
2024-10-04 16:42:23,757 [INFO] PluginManage:310 - Check plugin ipmanager
2024-10-04 16:42:23,769 [INFO] PluginManage:359 - Loaded plugin ipmanager (category:base,tabindex:5)
2024-10-04 16:42:23,770 [INFO] PluginManage:310 - Check plugin lpbam
2024-10-04 16:42:23,794 [INFO] PluginManage:359 - Loaded plugin lpbam (category:base,tabindex:0)
2024-10-04 16:42:23,794 [INFO] PluginManage:310 - Check plugin memorymap
2024-10-04 16:42:23,832 [INFO] PluginManage:359 - Loaded plugin memorymap (category:base,tabindex:4)
2024-10-04 16:42:23,832 [INFO] PluginManage:310 - Check plugin pinoutandconfiguration
2024-10-04 16:42:23,860 [INFO] PluginManage:359 - Loaded plugin pinoutandconfiguration (category:base,tabindex:1)
2024-10-04 16:42:23,860 [INFO] PluginManage:310 - Check plugin pinoutconfig
2024-10-04 16:42:24,263 [WARN] SupportedApi:132 - Cannot load RTOS API schema: s4s-elt-must-match.1: The content of 'definitions' must match (annotation?, (simpleType | complexType)?, (unique | key | keyref)*)). A problem was found starting at: attribute.
2024-10-04 16:42:24,806 [INFO] PluginManage:359 - Loaded plugin pinoutconfig (category:base,tabindex:0)
2024-10-04 16:42:24,807 [INFO] PluginManage:310 - Check plugin power
2024-10-04 16:42:24,840 [INFO] PluginManage:359 - Loaded plugin power (category:power,tabindex:4)
2024-10-04 16:42:24,840 [INFO] PluginManage:310 - Check plugin projectmanager
2024-10-04 16:42:24,891 [INFO] PluginManage:359 - Loaded plugin projectmanager (category:projectmanager,tabindex:4)
2024-10-04 16:42:24,892 [INFO] PluginManage:310 - Check plugin rif
2024-10-04 16:42:24,920 [INFO] PluginManage:359 - Loaded plugin rif (category:base,tabindex:3)
2024-10-04 16:42:24,921 [INFO] PluginManage:310 - Check plugin thirdparty
2024-10-04 16:42:25,838 [WARN] IntegrityCheckThread:84 - waiting for thirdparty lock release [integrity check]
2024-10-04 16:42:25,839 [INFO] IntegrityCheckThread:86 - entering critical section [integrity check]
2024-10-04 16:42:25,842 [INFO] ThirdPartyUpdaterWithRetryManager:70 - Updater plugin not ready yet. [1/15]
2024-10-04 16:42:25,846 [INFO] PluginManage:359 - Loaded plugin thirdparty (category:base,tabindex:-1)
2024-10-04 16:42:25,846 [INFO] PluginManage:310 - Check plugin tools
2024-10-04 16:42:25,913 [INFO] PluginManage:359 - Loaded plugin tools (category:base,tabindex:7)
2024-10-04 16:42:25,913 [INFO] PluginManage:310 - Check plugin tutovideos
2024-10-04 16:42:27,759 [INFO] PluginManage:359 - Loaded plugin tutovideos (category:base,tabindex:-1)
2024-10-04 16:42:27,760 [INFO] PluginManage:310 - Check plugin updater
2024-10-04 16:42:27,790 [INFO] PluginManage:359 - Loaded plugin updater (category:base,tabindex:12)
2024-10-04 16:42:27,790 [INFO] PluginManage:310 - Check plugin userauth
2024-10-04 16:42:27,798 [INFO] UserAuth:113 - Init User Auth plugin
2024-10-04 16:42:27,798 [INFO] PluginManage:359 - Loaded plugin userauth (category:base,tabindex:14)
2024-10-04 16:42:27,800 [INFO] PluginManage:283 - PluginManage : Loaded plugins [18]
2024-10-04 16:42:28,687 [INFO] PinOutPanel:1561 - setPackage(No Configuration,No Configuration)
2024-10-04 16:42:28,843 [INFO] ThirdPartyUpdaterWithRetryManager:70 - Updater plugin not ready yet. [2/15]
2024-10-04 16:42:29,186 [INFO] CADModel:165 - CPN selected for project level
2024-10-04 16:42:29,186 [INFO] CADModel:114 - Register for checkConnection events
2024-10-04 16:42:29,269 [INFO] IPUIPlugin:80 - create IPUIPlugin
2024-10-04 16:42:29,269 [INFO] PluginManager:220 - loadIPPluginJar : add adc
2024-10-04 16:42:29,279 [INFO] IPUIPlugin:80 - create IPUIPlugin
2024-10-04 16:42:29,279 [INFO] PluginManager:220 - loadIPPluginJar : add aes
2024-10-04 16:42:29,287 [INFO] IPUIPlugin:80 - create IPUIPlugin
2024-10-04 16:42:29,288 [INFO] PluginManager:220 - loadIPPluginJar : add can
2024-10-04 16:42:29,295 [INFO] IPUIPlugin:80 - create IPUIPlugin
2024-10-04 16:42:29,295 [INFO] PluginManager:220 - loadIPPluginJar : add comp
2024-10-04 16:42:29,304 [INFO] IPUIPlugin:80 - create IPUIPlugin
2024-10-04 16:42:29,304 [INFO] PluginManager:220 - loadIPPluginJar : add cryp
2024-10-04 16:42:29,320 [INFO] IPUIPlugin:80 - create IPUIPlugin
2024-10-04 16:42:29,321 [INFO] PluginManager:220 - loadIPPluginJar : add ddr_ctrl_phy
2024-10-04 16:42:29,336 [INFO] IPUIPlugin:80 - create IPUIPlugin
2024-10-04 16:42:29,337 [INFO] PluginManager:220 - loadIPPluginJar : add dfsdm
2024-10-04 16:42:29,360 [INFO] IPUIPlugin:80 - create IPUIPlugin
2024-10-04 16:42:29,369 [INFO] PluginManager:220 - loadIPPluginJar : add dma
2024-10-04 16:42:29,384 [INFO] IPUIPlugin:80 - create IPUIPlugin
2024-10-04 16:42:29,385 [INFO] PluginManager:220 - loadIPPluginJar : add dma3
2024-10-04 16:42:29,393 [INFO] IPUIPlugin:80 - create IPUIPlugin
2024-10-04 16:42:29,394 [INFO] PluginManager:220 - loadIPPluginJar : add extmemmanager
2024-10-04 16:42:29,400 [INFO] IPUIPlugin:80 - create IPUIPlugin
2024-10-04 16:42:29,400 [INFO] PluginManager:220 - loadIPPluginJar : add fatfs
2024-10-04 16:42:29,413 [INFO] IPUIPlugin:80 - create IPUIPlugin
2024-10-04 16:42:29,414 [INFO] PluginManager:220 - loadIPPluginJar : add fmc
2024-10-04 16:42:29,460 [INFO] IPUIPlugin:80 - create IPUIPlugin
2024-10-04 16:42:29,460 [INFO] PluginManager:220 - loadIPPluginJar : add freertos
2024-10-04 16:42:29,466 [INFO] IPUIPlugin:80 - create IPUIPlugin
2024-10-04 16:42:29,466 [INFO] PluginManager:220 - loadIPPluginJar : add genericplugin
2024-10-04 16:42:29,471 [INFO] IPUIPlugin:80 - create IPUIPlugin
2024-10-04 16:42:29,471 [INFO] PluginManager:220 - loadIPPluginJar : add gfxmmu
2024-10-04 16:42:29,483 [INFO] IPUIPlugin:80 - create IPUIPlugin
2024-10-04 16:42:29,484 [INFO] PluginManager:220 - loadIPPluginJar : add gic
2024-10-04 16:42:29,498 [INFO] IPUIPlugin:80 - create IPUIPlugin
2024-10-04 16:42:29,498 [INFO] PluginManager:220 - loadIPPluginJar : add gpio
2024-10-04 16:42:29,507 [INFO] IPUIPlugin:80 - create IPUIPlugin
2024-10-04 16:42:29,507 [INFO] PluginManager:220 - loadIPPluginJar : add gtzc
2024-10-04 16:42:29,513 [INFO] IPUIPlugin:80 - create IPUIPlugin
2024-10-04 16:42:29,514 [INFO] PluginManager:220 - loadIPPluginJar : add hash
2024-10-04 16:42:29,523 [INFO] IPUIPlugin:80 - create IPUIPlugin
2024-10-04 16:42:29,523 [INFO] PluginManager:220 - loadIPPluginJar : add i2c
2024-10-04 16:42:29,528 [INFO] IPUIPlugin:80 - create IPUIPlugin
2024-10-04 16:42:29,528 [INFO] PluginManager:220 - loadIPPluginJar : add i2s
2024-10-04 16:42:29,534 [INFO] IPUIPlugin:80 - create IPUIPlugin
2024-10-04 16:42:29,534 [INFO] PluginManager:220 - loadIPPluginJar : add i3c
2024-10-04 16:42:29,545 [INFO] IPUIPlugin:80 - create IPUIPlugin
2024-10-04 16:42:29,546 [INFO] PluginManager:220 - loadIPPluginJar : add ipddr
2024-10-04 16:42:29,560 [INFO] IPUIPlugin:80 - create IPUIPlugin
2024-10-04 16:42:29,560 [INFO] PluginManager:220 - loadIPPluginJar : add linkedlist
2024-10-04 16:42:29,569 [INFO] IPUIPlugin:80 - create IPUIPlugin
2024-10-04 16:42:29,569 [INFO] PluginManager:220 - loadIPPluginJar : add lorawan
2024-10-04 16:42:29,574 [INFO] IPUIPlugin:80 - create IPUIPlugin
2024-10-04 16:42:29,574 [INFO] PluginManager:220 - loadIPPluginJar : add ltdc
2024-10-04 16:42:29,610 [INFO] IPUIPlugin:80 - create IPUIPlugin
2024-10-04 16:42:29,610 [INFO] PluginManager:220 - loadIPPluginJar : add mdma
2024-10-04 16:42:29,622 [INFO] IPUIPlugin:80 - create IPUIPlugin
2024-10-04 16:42:29,622 [INFO] PluginManager:220 - loadIPPluginJar : add nvic
2024-10-04 16:42:29,631 [INFO] IPUIPlugin:80 - create IPUIPlugin
2024-10-04 16:42:29,631 [INFO] PluginManager:220 - loadIPPluginJar : add opamp
2024-10-04 16:42:29,640 [INFO] IPUIPlugin:80 - create IPUIPlugin
2024-10-04 16:42:29,642 [INFO] PluginManager:220 - loadIPPluginJar : add openamp
2024-10-04 16:42:29,648 [INFO] IPUIPlugin:80 - create IPUIPlugin
2024-10-04 16:42:29,648 [INFO] PluginManager:220 - loadIPPluginJar : add pdm2pcm
2024-10-04 16:42:29,668 [INFO] IPUIPlugin:80 - create IPUIPlugin
2024-10-04 16:42:29,682 [INFO] PluginManager:220 - loadIPPluginJar : add plateformsettings
2024-10-04 16:42:29,688 [INFO] IPUIPlugin:80 - create IPUIPlugin
2024-10-04 16:42:29,690 [INFO] PluginManager:220 - loadIPPluginJar : add quadspi
2024-10-04 16:42:29,694 [INFO] IPUIPlugin:80 - create IPUIPlugin
2024-10-04 16:42:29,697 [INFO] PluginManager:220 - loadIPPluginJar : add radio
2024-10-04 16:42:29,703 [INFO] IPUIPlugin:80 - create IPUIPlugin
2024-10-04 16:42:29,703 [INFO] PluginManager:220 - loadIPPluginJar : add resmgrutility
2024-10-04 16:42:29,711 [INFO] IPUIPlugin:80 - create IPUIPlugin
2024-10-04 16:42:29,711 [INFO] PluginManager:220 - loadIPPluginJar : add sai
2024-10-04 16:42:29,717 [INFO] IPUIPlugin:80 - create IPUIPlugin
2024-10-04 16:42:29,718 [INFO] PluginManager:220 - loadIPPluginJar : add spi
2024-10-04 16:42:29,734 [INFO] IPUIPlugin:80 - create IPUIPlugin
2024-10-04 16:42:29,736 [INFO] PluginManager:220 - loadIPPluginJar : add stm32_wpan
2024-10-04 16:42:29,739 [INFO] IPUIPlugin:80 - create IPUIPlugin
2024-10-04 16:42:29,739 [INFO] PluginManager:220 - loadIPPluginJar : add tim
2024-10-04 16:42:29,747 [INFO] IPUIPlugin:80 - create IPUIPlugin
2024-10-04 16:42:29,749 [INFO] PluginManager:220 - loadIPPluginJar : add touchsensing
2024-10-04 16:42:29,756 [INFO] IPUIPlugin:80 - create IPUIPlugin
2024-10-04 16:42:29,756 [INFO] PluginManager:220 - loadIPPluginJar : add tracer_emb
2024-10-04 16:42:29,762 [INFO] IPUIPlugin:80 - create IPUIPlugin
2024-10-04 16:42:29,762 [INFO] PluginManager:220 - loadIPPluginJar : add ts
2024-10-04 16:42:29,767 [INFO] IPUIPlugin:80 - create IPUIPlugin
2024-10-04 16:42:29,767 [INFO] PluginManager:220 - loadIPPluginJar : add tsc
2024-10-04 16:42:29,773 [INFO] IPUIPlugin:80 - create IPUIPlugin
2024-10-04 16:42:29,773 [INFO] PluginManager:220 - loadIPPluginJar : add ucpd
2024-10-04 16:42:29,780 [INFO] IPUIPlugin:80 - create IPUIPlugin
2024-10-04 16:42:29,782 [INFO] PluginManager:220 - loadIPPluginJar : add usart
2024-10-04 16:42:29,791 [INFO] IPUIPlugin:80 - create IPUIPlugin
2024-10-04 16:42:29,792 [INFO] PluginManager:220 - loadIPPluginJar : add usbx
2024-10-04 16:42:29,996 [INFO] CADModel:165 - CPN selected for project level
2024-10-04 16:42:29,996 [INFO] CADModel:114 - Register for checkConnection events
2024-10-04 16:42:29,997 [FATAL] Updater:334 - Updater called before beeing initialized
2024-10-04 16:42:29,997 [ERROR] CADModel:125 - Updater not yet initialized, retry later 
2024-10-04 16:42:30,364 [INFO] CADModel:165 - CPN selected for project level
2024-10-04 16:42:30,364 [INFO] CADModel:114 - Register for checkConnection events
2024-10-04 16:42:30,364 [FATAL] Updater:334 - Updater called before beeing initialized
2024-10-04 16:42:30,364 [ERROR] CADModel:125 - Updater not yet initialized, retry later 
2024-10-04 16:42:30,373 [FATAL] Updater:334 - Updater called before beeing initialized
2024-10-04 16:42:30,628 [FATAL] Updater:334 - Updater called before beeing initialized
2024-10-04 16:42:30,647 [INFO] DbMcusAds:53 - JSON generation date=Fri Sep 20 15:04:23 CEST 2024 (1726837463113)
2024-10-04 16:42:30,647 [FATAL] Updater:334 - Updater called before beeing initialized
2024-10-04 16:42:30,715 [WARN] DetailPanel:346 - Failed to get advertising image, set to default
2024-10-04 16:42:30,825 [FATAL] Updater:334 - Updater called before beeing initialized
2024-10-04 16:42:30,838 [FATAL] Updater:334 - Updater called before beeing initialized
2024-10-04 16:42:30,839 [FATAL] Updater:334 - Updater called before beeing initialized
2024-10-04 16:42:30,839 [WARN] DetailPanel:346 - Failed to get advertising image, set to default
2024-10-04 16:42:30,840 [FATAL] Updater:334 - Updater called before beeing initialized
2024-10-04 16:42:30,945 [ERROR] Updater:1164 - MainUpdater not yet initialized. External WinMGr cannot be set.
2024-10-04 16:42:30,952 [INFO] Updater:1100 - Updater Version found : 6.12.1
2024-10-04 16:42:31,012 [INFO] ApplicationProperties:184 - Using Application install path: C:\ST\STM32CubeIDE_1.16.1\STM32CubeIDE\plugins\com.st.stm32cube.common.mx_6.12.1.202409122256
2024-10-04 16:42:31,437 [INFO] MainUpdater:2873 - connection check result : 10
2024-10-04 16:42:31,438 [INFO] MainUpdater:290 - Updater Check For Update Now.
2024-10-04 16:42:31,438 [INFO] MicroXplorer:498 - Change Database Version : DB.6.0.121
2024-10-04 16:42:31,449 [INFO] McuFinderGlobals:63 - Set McuFinder mode to 2 (CubeIDE integrated)
2024-10-04 16:42:31,450 [INFO] UserAuth:179 - activating auth plugin
2024-10-04 16:42:31,454 [INFO] UserAuth:417 - Internet connection configuration mode: 1
2024-10-04 16:42:31,516 [INFO] JxBrowserEngine:152 - Initiate JxBrowser Engine with user profile folder
2024-10-04 16:42:31,639 [INFO] CheckServerUpdateThread:120 - End of CheckServer Thread
2024-10-04 16:42:32,092 [WARN] PackLoader:240 - Cannot read IP mode file for STMicroelectronics.FP-SNS-MOTENVWB1.1.4.0
2024-10-04 16:42:32,133 [WARN] PackLoader:240 - Cannot read IP mode file for STMicroelectronics.X-CUBE-SMBUS.2.1.0
2024-10-04 16:42:32,188 [WARN] PackLoader:240 - Cannot read IP mode file for STMicroelectronics.X-CUBE-AZRTOS-F7.1.1.0
2024-10-04 16:42:32,358 [WARN] PackLoader:240 - Cannot read IP mode file for STMicroelectronics.X-CUBE-MEMS1.11.0.0
2024-10-04 16:42:32,473 [WARN] PackLoader:240 - Cannot read IP mode file for STMicroelectronics.FP-SNS-FLIGHT1.5.0.2
2024-10-04 16:42:32,487 [WARN] PackLoader:240 - Cannot read IP mode file for STMicroelectronics.X-CUBE-DISPLAY.3.0.0
2024-10-04 16:42:32,501 [WARN] PackLoader:240 - Cannot read IP mode file for STMicroelectronics.X-CUBE-BLE1.7.0.0
2024-10-04 16:42:32,508 [WARN] PackLoader:240 - Cannot read IP mode file for STMicroelectronics.X-CUBE-NFC10.1.0.0
2024-10-04 16:42:32,515 [WARN] PackLoader:240 - Cannot read IP mode file for emotas.I-CUBE-CANOPEN.1.3.0
2024-10-04 16:42:32,524 [WARN] PackLoader:240 - Cannot read IP mode file for STMicroelectronics.X-CUBE-BLEMGR.3.1.0
2024-10-04 16:42:32,530 [WARN] PackLoader:240 - Cannot read IP mode file for STMicroelectronics.FP-SNS-SMARTAG2.1.2.0
2024-10-04 16:42:32,539 [INFO] LogOutputStream:77 - [STDOUT_REDIRECT] 1 : Invalid condition id : UX_CORESTACK_Condition cause : null
2024-10-04 16:42:32,541 [INFO] LogOutputStream:77 - [STDOUT_REDIRECT] 1 : Invalid condition id : UX_CORESTACK_Condition cause : null
2024-10-04 16:42:32,543 [INFO] LogOutputStream:77 - [STDOUT_REDIRECT] 1 : Invalid condition id : UX_CORESTACK_Condition cause : null
2024-10-04 16:42:32,544 [INFO] LogOutputStream:77 - [STDOUT_REDIRECT] 1 : Invalid condition id : UX_CORESTACK_Condition cause : null
2024-10-04 16:42:32,546 [INFO] LogOutputStream:77 - [STDOUT_REDIRECT] 1 : Invalid condition id : UX_CORESTACK_Condition cause : null
2024-10-04 16:42:32,549 [WARN] PackLoader:240 - Cannot read IP mode file for STMicroelectronics.X-CUBE-AZRTOS-WL.2.0.0
2024-10-04 16:42:32,558 [WARN] PackLoader:240 - Cannot read IP mode file for STMicroelectronics.FP-SNS-MOTENV1.5.0.0
2024-10-04 16:42:32,562 [WARN] PackLoader:240 - Cannot read IP mode file for wolfSSL.I-CUBE-wolfMQTT.1.19.0
2024-10-04 16:42:32,580 [WARN] PackLoader:240 - Cannot read IP mode file for WES.I-CUBE-Cesium.1.3.0
2024-10-04 16:42:32,586 [WARN] PackLoader:240 - Cannot read IP mode file for STMicroelectronics.X-CUBE-BLE2.3.3.0
2024-10-04 16:42:32,590 [WARN] PackLoader:240 - Cannot read IP mode file for STMicroelectronics.X-CUBE-NFC9.1.0.0
2024-10-04 16:42:32,598 [WARN] PackLoader:240 - Cannot read IP mode file for STMicroelectronics.X-CUBE-TCPP.4.1.0
2024-10-04 16:42:32,607 [WARN] PackLoader:240 - Cannot read IP mode file for STMicroelectronics.X-CUBE-AZRTOS-G0.1.1.0
2024-10-04 16:42:32,613 [WARN] PackLoader:240 - Cannot read IP mode file for STMicroelectronics.X-CUBE-SAFEA1.1.2.2
2024-10-04 16:42:32,618 [WARN] PackLoader:240 - Cannot read IP mode file for STMicroelectronics.X-CUBE-NFC4.3.0.0
2024-10-04 16:42:32,627 [WARN] PackLoader:240 - Cannot read IP mode file for EmbeddedOffice.I-CUBE-FS-RTOS.1.0.1
2024-10-04 16:42:32,627 [ERROR] ConditionMgr:805 - Attr not supported : Dmpu
2024-10-04 16:42:32,627 [ERROR] ConditionMgr:805 - Attr not supported : Dmpu
2024-10-04 16:42:32,627 [ERROR] ConditionMgr:805 - Attr not supported : Dmpu
2024-10-04 16:42:32,628 [ERROR] ConditionMgr:805 - Attr not supported : Dmpu
2024-10-04 16:42:32,628 [ERROR] ConditionMgr:805 - Attr not supported : Dmpu
2024-10-04 16:42:32,628 [ERROR] ConditionMgr:805 - Attr not supported : Dmpu
2024-10-04 16:42:32,628 [ERROR] ConditionMgr:805 - Attr not supported : Dmpu
2024-10-04 16:42:32,628 [ERROR] ConditionMgr:805 - Attr not supported : Dmpu
2024-10-04 16:42:32,628 [ERROR] ConditionMgr:805 - Attr not supported : Dmpu
2024-10-04 16:42:32,628 [ERROR] ConditionMgr:805 - Attr not supported : Dmpu
2024-10-04 16:42:32,628 [ERROR] ConditionMgr:805 - Attr not supported : Dmpu
2024-10-04 16:42:32,628 [ERROR] ConditionMgr:805 - Attr not supported : Dmpu
2024-10-04 16:42:32,628 [ERROR] ConditionMgr:805 - Attr not supported : Dmpu
2024-10-04 16:42:32,628 [ERROR] ConditionMgr:805 - Attr not supported : Dmpu
2024-10-04 16:42:32,628 [ERROR] ConditionMgr:805 - Attr not supported : Dmpu
2024-10-04 16:42:32,628 [ERROR] ConditionMgr:805 - Attr not supported : Dmpu
2024-10-04 16:42:32,628 [ERROR] ConditionMgr:805 - Attr not supported : Dmpu
2024-10-04 16:42:32,628 [ERROR] ConditionMgr:805 - Attr not supported : Dmpu
2024-10-04 16:42:32,628 [ERROR] ConditionMgr:805 - Attr not supported : Dmpu
2024-10-04 16:42:32,628 [ERROR] ConditionMgr:805 - Attr not supported : Dmpu
2024-10-04 16:42:32,628 [ERROR] ConditionMgr:805 - Attr not supported : Dmpu
2024-10-04 16:42:32,628 [ERROR] ConditionMgr:805 - Attr not supported : Dmpu
2024-10-04 16:42:32,628 [ERROR] ConditionMgr:805 - Attr not supported : Dmpu
2024-10-04 16:42:32,628 [ERROR] ConditionMgr:805 - Attr not supported : Dmpu
2024-10-04 16:42:32,628 [ERROR] ConditionMgr:805 - Attr not supported : Dmpu
2024-10-04 16:42:32,628 [ERROR] ConditionMgr:805 - Attr not supported : Dmpu
2024-10-04 16:42:32,628 [ERROR] ConditionMgr:805 - Attr not supported : Dmpu
2024-10-04 16:42:32,628 [ERROR] ConditionMgr:805 - Attr not supported : Dmpu
2024-10-04 16:42:32,628 [ERROR] ConditionMgr:805 - Attr not supported : Dmpu
2024-10-04 16:42:32,628 [ERROR] ConditionMgr:805 - Attr not supported : Dmpu
2024-10-04 16:42:32,628 [ERROR] ConditionMgr:805 - Attr not supported : Dmpu
2024-10-04 16:42:32,628 [ERROR] ConditionMgr:805 - Attr not supported : Dmpu
2024-10-04 16:42:32,628 [ERROR] ConditionMgr:805 - Attr not supported : Dmpu
2024-10-04 16:42:32,628 [ERROR] ConditionMgr:805 - Attr not supported : Dmpu
2024-10-04 16:42:32,628 [ERROR] ConditionMgr:805 - Attr not supported : Dmpu
2024-10-04 16:42:32,628 [ERROR] ConditionMgr:805 - Attr not supported : Dmpu
2024-10-04 16:42:32,628 [ERROR] ConditionMgr:805 - Attr not supported : Dmpu
2024-10-04 16:42:32,628 [ERROR] ConditionMgr:805 - Attr not supported : Dmpu
2024-10-04 16:42:32,628 [ERROR] ConditionMgr:805 - Attr not supported : Dmpu
2024-10-04 16:42:32,628 [ERROR] ConditionMgr:805 - Attr not supported : Dmpu
2024-10-04 16:42:32,629 [ERROR] ConditionMgr:805 - Attr not supported : Dmpu
2024-10-04 16:42:32,629 [ERROR] ConditionMgr:805 - Attr not supported : Dmpu
2024-10-04 16:42:32,629 [ERROR] ConditionMgr:805 - Attr not supported : Dmpu
2024-10-04 16:42:32,629 [ERROR] ConditionMgr:805 - Attr not supported : Dmpu
2024-10-04 16:42:32,629 [ERROR] ConditionMgr:805 - Attr not supported : Dmpu
2024-10-04 16:42:32,629 [ERROR] ConditionMgr:805 - Attr not supported : Dmpu
2024-10-04 16:42:32,629 [ERROR] ConditionMgr:805 - Attr not supported : Dmpu
2024-10-04 16:42:32,629 [ERROR] ConditionMgr:805 - Attr not supported : Dmpu
2024-10-04 16:42:32,629 [ERROR] ConditionMgr:805 - Attr not supported : Dmpu
2024-10-04 16:42:32,629 [ERROR] ConditionMgr:805 - Attr not supported : Dmpu
2024-10-04 16:42:32,629 [ERROR] ConditionMgr:805 - Attr not supported : Dmpu
2024-10-04 16:42:32,629 [ERROR] ConditionMgr:805 - Attr not supported : Dmpu
2024-10-04 16:42:32,629 [ERROR] ConditionMgr:805 - Attr not supported : Dmpu
2024-10-04 16:42:32,629 [ERROR] ConditionMgr:805 - Attr not supported : Dmpu
2024-10-04 16:42:32,629 [ERROR] ConditionMgr:805 - Attr not supported : Dmpu
2024-10-04 16:42:32,629 [ERROR] ConditionMgr:805 - Attr not supported : Dmpu
2024-10-04 16:42:32,629 [ERROR] ConditionMgr:805 - Attr not supported : Dmpu
2024-10-04 16:42:32,630 [ERROR] ConditionMgr:805 - Attr not supported : Dmpu
2024-10-04 16:42:32,630 [ERROR] ConditionMgr:805 - Attr not supported : Dmpu
2024-10-04 16:42:32,630 [ERROR] ConditionMgr:805 - Attr not supported : Dmpu
2024-10-04 16:42:32,630 [ERROR] ConditionMgr:805 - Attr not supported : Dmpu
2024-10-04 16:42:32,630 [ERROR] ConditionMgr:805 - Attr not supported : Dmpu
2024-10-04 16:42:32,630 [ERROR] ConditionMgr:805 - Attr not supported : Dmpu
2024-10-04 16:42:32,630 [ERROR] ConditionMgr:805 - Attr not supported : Dmpu
2024-10-04 16:42:32,635 [WARN] PackLoader:240 - Cannot read IP mode file for RealThread.X-CUBE-RT-Thread_Nano.4.1.1
2024-10-04 16:42:32,648 [WARN] PackLoader:240 - Cannot read IP mode file for STMicroelectronics.FP-ATR-SIGFOX1.3.2.0
2024-10-04 16:42:32,654 [WARN] PackLoader:240 - Cannot read IP mode file for wolfSSL.I-CUBE-wolfSSL.5.7.2
2024-10-04 16:42:32,659 [WARN] PackLoader:240 - Cannot read IP mode file for STMicroelectronics.X-CUBE-EEPRMA1.5.1.0
2024-10-04 16:42:32,668 [WARN] PackLoader:240 - Cannot read IP mode file for ITTIA_DB.I-CUBE-ITTIADB.8.9.0
2024-10-04 16:42:32,692 [WARN] PackLoader:240 - Cannot read IP mode file for SEGGER.I-CUBE-embOS.1.3.1
2024-10-04 16:42:32,742 [WARN] PackLoader:240 - Cannot read IP mode file for STMicroelectronics.X-CUBE-ALGOBUILD.1.4.0
2024-10-04 16:42:32,754 [WARN] PackLoader:240 - Cannot read IP mode file for STMicroelectronics.X-CUBE-AI.9.1.0
2024-10-04 16:42:32,767 [WARN] PackLoader:240 - Cannot read IP mode file for STMicroelectronics.X-CUBE-AZRTOS-F4.1.1.0
2024-10-04 16:42:32,774 [WARN] PackLoader:240 - Cannot read IP mode file for STMicroelectronics.X-CUBE-ISPU.2.1.0
2024-10-04 16:42:32,810 [WARN] PackLoader:240 - Cannot read IP mode file for STMicroelectronics.X-CUBE-FREERTOS.1.2.0
2024-10-04 16:42:32,823 [WARN] PackLoader:240 - Cannot read IP mode file for STMicroelectronics.X-CUBE-AZRTOS-L5.2.0.0
2024-10-04 16:42:32,829 [WARN] PackLoader:240 - Cannot read IP mode file for STMicroelectronics.X-CUBE-NFC6.3.1.0
2024-10-04 16:42:32,836 [WARN] PackLoader:240 - Cannot read IP mode file for STMicroelectronics.X-CUBE-DPower.1.2.0
2024-10-04 16:42:32,839 [WARN] PackLoader:240 - Cannot read IP mode file for STMicroelectronics.X-CUBE-AI.9.0.0
2024-10-04 16:42:32,842 [WARN] PackLoader:240 - Cannot read IP mode file for STMicroelectronics.X-CUBE-NFC7.1.0.1
2024-10-04 16:42:32,860 [WARN] ConditionMgr:438 - getConditionDescription Invalid condition id : LAN8742 Phy interface Condition cause : null
2024-10-04 16:42:32,860 [WARN] PackLoader:240 - Cannot read IP mode file for STMicroelectronics.X-CUBE-AZRTOS-L4.2.0.0
2024-10-04 16:42:32,862 [WARN] ConditionMgr:1039 - genDependencies : Invalid condition id : LAN8742 Phy interface Condition cause : null
2024-10-04 16:42:32,862 [WARN] ConditionMgr:1039 - genDependencies : Invalid condition id : LAN8742 Phy interface Condition cause : null
2024-10-04 16:42:32,863 [WARN] ConditionMgr:1039 - genDependencies : Invalid condition id : LAN8742 Phy interface Condition cause : null
2024-10-04 16:42:32,874 [WARN] PackLoader:240 - Cannot read IP mode file for STMicroelectronics.X-CUBE-SFXS2LP1.4.0.0
2024-10-04 16:42:32,889 [WARN] PackLoader:240 - Cannot read IP mode file for STMicroelectronics.X-CUBE-AZRTOS-H7.3.3.0
2024-10-04 16:42:32,901 [WARN] ConditionMgr:438 - getConditionDescription Invalid condition id : UX DEVICE CLASS RTOS Condition cause : null
2024-10-04 16:42:32,901 [WARN] ConditionMgr:438 - getConditionDescription Invalid condition id : UX DEVICE CLASS RTOS Condition cause : null
2024-10-04 16:42:32,902 [WARN] PackLoader:240 - Cannot read IP mode file for STMicroelectronics.X-CUBE-AZRTOS-WB.2.0.0
2024-10-04 16:42:32,903 [WARN] ConditionMgr:1039 - genDependencies : Invalid condition id : UX DEVICE CLASS RTOS Condition cause : null
2024-10-04 16:42:32,903 [WARN] ConditionMgr:1039 - genDependencies : Invalid condition id : UX DEVICE CLASS RTOS Condition cause : null
2024-10-04 16:42:32,903 [WARN] ConditionMgr:1039 - genDependencies : Invalid condition id : UX DEVICE CLASS RTOS Condition cause : null
2024-10-04 16:42:32,904 [WARN] ConditionMgr:1039 - genDependencies : Invalid condition id : UX DEVICE CLASS RTOS Condition cause : null
2024-10-04 16:42:32,904 [WARN] ConditionMgr:1039 - genDependencies : Invalid condition id : UX DEVICE CLASS RTOS Condition cause : null
2024-10-04 16:42:32,914 [WARN] PackLoader:240 - Cannot read IP mode file for STMicroelectronics.X-CUBE-GNSS1.7.0.0
2024-10-04 16:42:32,920 [WARN] PackLoader:240 - Cannot read IP mode file for STMicroelectronics.FP-SNS-STBOX1.2.0.0
2024-10-04 16:42:32,927 [WARN] PackLoader:240 - Cannot read IP mode file for STMicroelectronics.X-CUBE-SUBG2.5.0.0
2024-10-04 16:42:32,935 [WARN] PackLoader:240 - Cannot read IP mode file for Cesanta.I-CUBE-Mongoose.7.13.0
2024-10-04 16:42:32,943 [WARN] PackLoader:240 - Cannot read IP mode file for STMicroelectronics.X-CUBE-AZRTOS-G4.2.0.0
2024-10-04 16:42:32,958 [WARN] PackLoader:240 - Cannot read IP mode file for STMicroelectronics.X-CUBE-ALS.1.0.2
2024-10-04 16:42:32,968 [WARN] PackLoader:240 - Cannot read IP mode file for STMicroelectronics.X-CUBE-TOUCHGFX.4.24.1
2024-10-04 16:42:32,972 [WARN] PackLoader:240 - Cannot read IP mode file for wolfSSL.I-CUBE-wolfTPM.3.4.0
2024-10-04 16:42:32,976 [WARN] PackLoader:240 - Cannot read IP mode file for portGmbH.I-Cube-SoM-uGOAL.1.1.0
2024-10-04 16:42:32,987 [WARN] PackLoader:240 - Cannot read IP mode file for STMicroelectronics.X-CUBE-AZRTOS-H7RS.1.0.0
2024-10-04 16:42:32,995 [WARN] PackLoader:240 - Cannot read IP mode file for STMicroelectronics.FP-ATR-ASTRA1.2.0.0
2024-10-04 16:42:33,002 [WARN] PackLoader:240 - Cannot read IP mode file for STMicroelectronics.X-CUBE-TOF1.3.4.2
2024-10-04 16:42:33,022 [WARN] PackLoader:240 - Cannot read IP mode file for Infineon.AIROC-Wi-Fi-Bluetooth-STM32.1.6.1
2024-10-04 16:42:33,030 [WARN] PackLoader:240 - Cannot read IP mode file for wolfSSL.I-CUBE-wolfSSH.1.4.17
2024-10-04 16:42:33,031 [INFO] ThirdParty:978 - Integrity check success = true
2024-10-04 16:42:33,032 [INFO] IntegrityCheckThread:100 - exiting critical section [integrity check]
2024-10-04 16:42:33,032 [INFO] IntegrityCheckThread:103 - End integrity checks thread
2024-10-04 16:42:34,036 [INFO] WebApp:167 - Instantiating new browser for Auth
2024-10-04 16:42:36,329 [INFO] WebApp:448 - Apply proxy settings
2024-10-04 16:42:36,330 [INFO] WebApp:533 - Chromium requires no authentication
2024-10-04 16:42:36,338 [INFO] WebApp:476 - Direct internet connection detected
2024-10-04 16:42:36,358 [INFO] WebApp:869 - Register for checkConnection events
2024-10-04 16:42:36,360 [INFO] WebApp:448 - Apply proxy settings
2024-10-04 16:42:36,360 [INFO] WebApp:533 - Chromium requires no authentication
2024-10-04 16:42:36,360 [INFO] WebApp:476 - Direct internet connection detected
2024-10-04 16:42:36,512 [INFO] WebApp:220 - Starting web application
2024-10-04 16:42:36,513 [INFO] WebApp:578 - Web application path used C:\ST\STM32CubeIDE_1.16.1\STM32CubeIDE\plugins\com.st.stm32cube.common.mx_6.12.1.202409122256\db\plugins\mcufinder\reactClient1\index.html
2024-10-04 16:42:36,781 [INFO] WebApp:186 - Connection restablished
2024-10-04 16:52:01,553 [ERROR] LogOutputStream:75 - [STDERR_REDIRECT] 
